INFO:     Will watch for changes in these directories: ['C:\\Users\\Felipe\\Desktop\\Inge.Informatica\\S9\\proyecto de titulo\\ft-lineone-main\\ft-lineone-main']
INFO:     Uvicorn running on http://127.0.0.1:8000 (Press CTRL+C to quit)
INFO:     Started reloader process [17560] using WatchFiles
INFO:     Started server process [13708]
INFO:     Waiting for application startup.
INFO:     Application startup complete.
WARNING:  WatchFiles detected changes in 'src\infrastructure\scrapers\playwright_base.py'. ReloadingINFO:INFO:     Shutting down
INFO:     Waiting for application shutdown.
ERROR:    Traceback (most recent call last):
  File "C:\Users\Felipe\AppData\Local\Programs\Python\Python312\Lib\site-packages\starlette\routing.py", line 693, in lifespan
    async with self.lifespan_context(app) as maybe_state:
  File "C:\Users\Felipe\AppData\Local\Programs\Python\Python312\Lib\contextlib.py", line 217, in __aexit__
    await anext(self.gen)
  File "C:\Users\Felipe\AppData\Local\Programs\Python\Python312\Lib\site-packages\fastapi\routing.py", line 133, in merged_lifespan
    async with original_context(app) as maybe_original_state:
  File "C:\Users\Felipe\AppData\Local\Programs\Python\Python312\Lib\contextlib.py", line 217, in __aexit__
    await anext(self.gen)
  File "C:\Users\Felipe\Desktop\Inge.Informatica\S9\proyecto de titulo\ft-lineone-main\ft-lineone-main\src\main.py", line 92, in lifespan
    scraper_scheduler.stop()
  File "C:\Users\Felipe\Desktop\Inge.Informatica\S9\proyecto de titulo\ft-lineone-main\ft-lineone-main\src\infrastructure\scrapers\scheduler.py", line 22, in stop
    self._scheduler.shutdown(wait=False)
  File "C:\Users\Felipe\AppData\Local\Programs\Python\Python312\Lib\site-packages\apscheduler\schedulers\asyncio.py", line 48, in shutdown
    raise SchedulerNotRunningError
apscheduler.schedulers.SchedulerNotRunningError: Scheduler is not running

ERROR:    Application shutdown failed. Exiting.
INFO:     Finished server process [13708]
G:  WatchFiles detected changes in 'test_zara.py', 'src\infrastructure\scrapers\zara_scraper.py', 'src\infrastructure\scrapers\playwright_base.py'. Reloading...
C:\Users\Felipe\AppData\Local\Programs\Python\Python312\Lib\site-packages\uvicorn\_subprocess.py:84: RuntimeWarning: coroutine 'Server.serve' was never awaited
  pass
RuntimeWarning: Enable tracemalloc to get the object allocation traceback
INFO:     Started server process [9716]
INFO:     Waiting for application startup.
INFO:     Application startup complete.
ERROR:    Exception in ASGI application
Traceback (most recent call last):
  File "C:\Users\Felipe\AppData\Local\Programs\Python\Python312\Lib\site-packages\uvicorn\protocols\http\httptools_impl.py", line 401, in run_asgi
    result = await app(  # type: ignore[func-returns-value]
             ^^^^^^^^^^^^^^^^^^^^^^^^^^^^^^^^^^^^^^^^^^^^^^
  File "C:\Users\Felipe\AppData\Local\Programs\Python\Python312\Lib\site-packages\uvicorn\middleware\proxy_headers.py", line 70, in __call__
    return await self.app(scope, receive, send)
           ^^^^^^^^^^^^^^^^^^^^^^^^^^^^^^^^^^^^
  File "C:\Users\Felipe\AppData\Local\Programs\Python\Python312\Lib\site-packages\fastapi\applications.py", line 1054, in __call__
    await super().__call__(scope, receive, send)
  File "C:\Users\Felipe\AppData\Local\Programs\Python\Python312\Lib\site-packages\starlette\applications.py", line 113, in __call__
    await self.middleware_stack(scope, receive, send)
  File "C:\Users\Felipe\AppData\Local\Programs\Python\Python312\Lib\site-packages\starlette\middleware\errors.py", line 187, in __call__
    raise exc
  File "C:\Users\Felipe\AppData\Local\Programs\Python\Python312\Lib\site-packages\starlette\middleware\errors.py", line 165, in __call__
    await self.app(scope, receive, _send)
  File "C:\Users\Felipe\AppData\Local\Programs\Python\Python312\Lib\site-packages\starlette\middleware\cors.py", line 93, in __call__
    await self.simple_response(scope, receive, send, request_headers=headers)
  File "C:\Users\Felipe\AppData\Local\Programs\Python\Python312\Lib\site-packages\starlette\middleware\cors.py", line 144, in simple_response
    await self.app(scope, receive, send)
  File "C:\Users\Felipe\AppData\Local\Programs\Python\Python312\Lib\site-packages\starlette\middleware\exceptions.py", line 62, in __call__
    await wrap_app_handling_exceptions(self.app, conn)(scope, receive, send)
  File "C:\Users\Felipe\AppData\Local\Programs\Python\Python312\Lib\site-packages\starlette\_exception_handler.py", line 62, in wrapped_app
    raise exc
  File "C:\Users\Felipe\AppData\Local\Programs\Python\Python312\Lib\site-packages\starlette\_exception_handler.py", line 51, in wrapped_app
    await app(scope, receive, sender)
  File "C:\Users\Felipe\AppData\Local\Programs\Python\Python312\Lib\site-packages\starlette\routing.py", line 715, in __call__
    await self.middleware_stack(scope, receive, send)
  File "C:\Users\Felipe\AppData\Local\Programs\Python\Python312\Lib\site-packages\starlette\routing.py", line 735, in app
    await route.handle(scope, receive, send)
  File "C:\Users\Felipe\AppData\Local\Programs\Python\Python312\Lib\site-packages\starlette\routing.py", line 288, in handle
    await self.app(scope, receive, send)
  File "C:\Users\Felipe\AppData\Local\Programs\Python\Python312\Lib\site-packages\starlette\routing.py", line 76, in app
    await wrap_app_handling_exceptions(app, request)(scope, receive, send)
  File "C:\Users\Felipe\AppData\Local\Programs\Python\Python312\Lib\site-packages\starlette\_exception_handler.py", line 62, in wrapped_app
    raise exc
  File "C:\Users\Felipe\AppData\Local\Programs\Python\Python312\Lib\site-packages\starlette\_exception_handler.py", line 51, in wrapped_app
    await app(scope, receive, sender)
  File "C:\Users\Felipe\AppData\Local\Programs\Python\Python312\Lib\site-packages\starlette\routing.py", line 73, in app
    response = await f(request)
               ^^^^^^^^^^^^^^^^
  File "C:\Users\Felipe\AppData\Local\Programs\Python\Python312\Lib\site-packages\fastapi\routing.py", line 301, in app
    raw_response = await run_endpoint_function(
                   ^^^^^^^^^^^^^^^^^^^^^^^^^^^^
  File "C:\Users\Felipe\AppData\Local\Programs\Python\Python312\Lib\site-packages\fastapi\routing.py", line 212, in run_endpoint_function
    return await dependant.call(**values)
           ^^^^^^^^^^^^^^^^^^^^^^^^^^^^^^
  File "C:\Users\Felipe\Desktop\Inge.Informatica\S9\proyecto de titulo\ft-lineone-main\ft-lineone-main\src\main.py", line 166, in get_product
    return {"error": "MongoDB not available"}
          ^^^^^^^^^^^^^^^^^^^^^^^^^^^^^^^^^^^^
  File "C:\Users\Felipe\AppData\Local\Programs\Python\Python312\Lib\site-packages\beanie\odm\documents.py", line 272, in get
    document_id = parse_object_as(
                  ^^^^^^^^^^^^^^^^
  File "C:\Users\Felipe\AppData\Local\Programs\Python\Python312\Lib\site-packages\beanie\odm\utils\pydantic.py", line 19, in parse_object_as
    return TypeAdapter(object_type).validate_python(data)
           ^^^^^^^^^^^^^^^^^^^^^^^^^^^^^^^^^^^^^^^^^^^^^^
  File "C:\Users\Felipe\AppData\Local\Programs\Python\Python312\Lib\site-packages\pydantic\type_adapter.py", line 441, in validate_python
    return self.validator.validate_python(
           ^^^^^^^^^^^^^^^^^^^^^^^^^^^^^^^
pydantic_core._pydantic_core.ValidationError: 1 validation error for nullable[json-or-python[json=function-after[_validate(), constrained-str],python=function-plain[_validate()]]]
  Value error, Id must be of type PydanticObjectId [type=value_error, input_value='[object Object]', input_type=str]
    For further information visit https://errors.pydantic.dev/2.13/v/value_error
ERROR:    Exception in ASGI application
Traceback (most recent call last):
  File "C:\Users\Felipe\AppData\Local\Programs\Python\Python312\Lib\site-packages\uvicorn\protocols\http\httptools_impl.py", line 401, in run_asgi
    result = await app(  # type: ignore[func-returns-value]
             ^^^^^^^^^^^^^^^^^^^^^^^^^^^^^^^^^^^^^^^^^^^^^^
  File "C:\Users\Felipe\AppData\Local\Programs\Python\Python312\Lib\site-packages\uvicorn\middleware\proxy_headers.py", line 70, in __call__
    return await self.app(scope, receive, send)
           ^^^^^^^^^^^^^^^^^^^^^^^^^^^^^^^^^^^^
  File "C:\Users\Felipe\AppData\Local\Programs\Python\Python312\Lib\site-packages\fastapi\applications.py", line 1054, in __call__
    await super().__call__(scope, receive, send)
  File "C:\Users\Felipe\AppData\Local\Programs\Python\Python312\Lib\site-packages\starlette\applications.py", line 113, in __call__
    await self.middleware_stack(scope, receive, send)
  File "C:\Users\Felipe\AppData\Local\Programs\Python\Python312\Lib\site-packages\starlette\middleware\errors.py", line 187, in __call__
    raise exc
  File "C:\Users\Felipe\AppData\Local\Programs\Python\Python312\Lib\site-packages\starlette\middleware\errors.py", line 165, in __call__
    await self.app(scope, receive, _send)
  File "C:\Users\Felipe\AppData\Local\Programs\Python\Python312\Lib\site-packages\starlette\middleware\cors.py", line 93, in __call__
    await self.simple_response(scope, receive, send, request_headers=headers)
  File "C:\Users\Felipe\AppData\Local\Programs\Python\Python312\Lib\site-packages\starlette\middleware\cors.py", line 144, in simple_response
    await self.app(scope, receive, send)
  File "C:\Users\Felipe\AppData\Local\Programs\Python\Python312\Lib\site-packages\starlette\middleware\exceptions.py", line 62, in __call__
    await wrap_app_handling_exceptions(self.app, conn)(scope, receive, send)
  File "C:\Users\Felipe\AppData\Local\Programs\Python\Python312\Lib\site-packages\starlette\_exception_handler.py", line 62, in wrapped_app
    raise exc
  File "C:\Users\Felipe\AppData\Local\Programs\Python\Python312\Lib\site-packages\starlette\_exception_handler.py", line 51, in wrapped_app
    await app(scope, receive, sender)
  File "C:\Users\Felipe\AppData\Local\Programs\Python\Python312\Lib\site-packages\starlette\routing.py", line 715, in __call__
    await self.middleware_stack(scope, receive, send)
  File "C:\Users\Felipe\AppData\Local\Programs\Python\Python312\Lib\site-packages\starlette\routing.py", line 735, in app
    await route.handle(scope, receive, send)
  File "C:\Users\Felipe\AppData\Local\Programs\Python\Python312\Lib\site-packages\starlette\routing.py", line 288, in handle
    await self.app(scope, receive, send)
  File "C:\Users\Felipe\AppData\Local\Programs\Python\Python312\Lib\site-packages\starlette\routing.py", line 76, in app
    await wrap_app_handling_exceptions(app, request)(scope, receive, send)
  File "C:\Users\Felipe\AppData\Local\Programs\Python\Python312\Lib\site-packages\starlette\_exception_handler.py", line 62, in wrapped_app
    raise exc
  File "C:\Users\Felipe\AppData\Local\Programs\Python\Python312\Lib\site-packages\starlette\_exception_handler.py", line 51, in wrapped_app
    await app(scope, receive, sender)
  File "C:\Users\Felipe\AppData\Local\Programs\Python\Python312\Lib\site-packages\starlette\routing.py", line 73, in app
    response = await f(request)
               ^^^^^^^^^^^^^^^^
  File "C:\Users\Felipe\AppData\Local\Programs\Python\Python312\Lib\site-packages\fastapi\routing.py", line 301, in app
    raw_response = await run_endpoint_function(
                   ^^^^^^^^^^^^^^^^^^^^^^^^^^^^
  File "C:\Users\Felipe\AppData\Local\Programs\Python\Python312\Lib\site-packages\fastapi\routing.py", line 212, in run_endpoint_function
    return await dependant.call(**values)
           ^^^^^^^^^^^^^^^^^^^^^^^^^^^^^^
  File "C:\Users\Felipe\Desktop\Inge.Informatica\S9\proyecto de titulo\ft-lineone-main\ft-lineone-main\src\main.py", line 166, in get_product
    return {"error": "MongoDB not available"}
          ^^^^^^^^^^^^^^^^^^^^^^^^^^^^^^^^^^^^
  File "C:\Users\Felipe\AppData\Local\Programs\Python\Python312\Lib\site-packages\beanie\odm\documents.py", line 272, in get
    document_id = parse_object_as(
                  ^^^^^^^^^^^^^^^^
  File "C:\Users\Felipe\AppData\Local\Programs\Python\Python312\Lib\site-packages\beanie\odm\utils\pydantic.py", line 19, in parse_object_as
    return TypeAdapter(object_type).validate_python(data)
           ^^^^^^^^^^^^^^^^^^^^^^^^^^^^^^^^^^^^^^^^^^^^^^
  File "C:\Users\Felipe\AppData\Local\Programs\Python\Python312\Lib\site-packages\pydantic\type_adapter.py", line 441, in validate_python
    return self.validator.validate_python(
           ^^^^^^^^^^^^^^^^^^^^^^^^^^^^^^^
pydantic_core._pydantic_core.ValidationError: 1 validation error for nullable[json-or-python[json=function-after[_validate(), constrained-str],python=function-plain[_validate()]]]
  Value error, Id must be of type PydanticObjectId [type=value_error, input_value='[object Object]', input_type=str]
    For further information visit https://errors.pydantic.dev/2.13/v/value_error
